Determining if the pthread_create exist failed with the following output:
Change Dir: /home/lpj/Desktop/geely/build/CMakeFiles/CMakeTmp

Run Build Command(s):/usr/bin/make cmTC_528fd/fast 
/usr/bin/make -f CMakeFiles/cmTC_528fd.dir/build.make CMakeFiles/cmTC_528fd.dir/build
make[1]: Entering directory '/home/lpj/Desktop/geely/build/CMakeFiles/CMakeTmp'
Building C object CMakeFiles/cmTC_528fd.dir/CheckSymbolExists.c.o
/usr/bin/cc   -fPIC -Wall -Wextra -Werror    -o CMakeFiles/cmTC_528fd.dir/CheckSymbolExists.c.o   -c /home/lpj/Desktop/geely/build/CMakeFiles/CMakeTmp/CheckSymbolExists.c
Linking C executable cmTC_528fd
/usr/local/bin/cmake -E cmake_link_script CMakeFiles/cmTC_528fd.dir/link.txt --verbose=1
/usr/bin/cc  -fPIC -Wall -Wextra -Werror     -rdynamic CMakeFiles/cmTC_528fd.dir/CheckSymbolExists.c.o  -o cmTC_528fd 
CMakeFiles/cmTC_528fd.dir/CheckSymbolExists.c.o: In function `main':
CheckSymbolExists.c:(.text+0x1b): undefined reference to `pthread_create'
collect2: error: ld returned 1 exit status
CMakeFiles/cmTC_528fd.dir/build.make:86: recipe for target 'cmTC_528fd' failed
make[1]: *** [cmTC_528fd] Error 1
make[1]: Leaving directory '/home/lpj/Desktop/geely/build/CMakeFiles/CMakeTmp'
Makefile:121: recipe for target 'cmTC_528fd/fast' failed
make: *** [cmTC_528fd/fast] Error 2

File /home/lpj/Desktop/geely/build/CMakeFiles/CMakeTmp/CheckSymbolExists.c:
/* */
#include <pthread.h>

int main(int argc, char** argv)
{
  (void)argv;
#ifndef pthread_create
  return ((int*)(&pthread_create))[argc];
#else
  (void)argc;
  return 0;
#endif
}

Determining if the function pthread_create exists in the pthreads failed with the following output:
Change Dir: /home/lpj/Desktop/geely/build/CMakeFiles/CMakeTmp

Run Build Command(s):/usr/bin/make cmTC_9aba0/fast 
/usr/bin/make -f CMakeFiles/cmTC_9aba0.dir/build.make CMakeFiles/cmTC_9aba0.dir/build
make[1]: Entering directory '/home/lpj/Desktop/geely/build/CMakeFiles/CMakeTmp'
Building C object CMakeFiles/cmTC_9aba0.dir/CheckFunctionExists.c.o
/usr/bin/cc   -fPIC -Wall -Wextra -Werror -DCHECK_FUNCTION_EXISTS=pthread_create   -o CMakeFiles/cmTC_9aba0.dir/CheckFunctionExists.c.o   -c /usr/local/share/cmake-3.14/Modules/CheckFunctionExists.c
Linking C executable cmTC_9aba0
/usr/local/bin/cmake -E cmake_link_script CMakeFiles/cmTC_9aba0.dir/link.txt --verbose=1
/usr/bin/cc  -fPIC -Wall -Wextra -Werror -DCHECK_FUNCTION_EXISTS=pthread_create    -rdynamic CMakeFiles/cmTC_9aba0.dir/CheckFunctionExists.c.o  -o cmTC_9aba0 -lpthreads 
/usr/bin/ld: cannot find -lpthreads
collect2: error: ld returned 1 exit status
CMakeFiles/cmTC_9aba0.dir/build.make:86: recipe for target 'cmTC_9aba0' failed
make[1]: *** [cmTC_9aba0] Error 1
make[1]: Leaving directory '/home/lpj/Desktop/geely/build/CMakeFiles/CMakeTmp'
Makefile:121: recipe for target 'cmTC_9aba0/fast' failed
make: *** [cmTC_9aba0/fast] Error 2


